<?xml version="1.0" encoding="UTF-8"?>
<testsuite xmlns:xsi="http://www.w3.org/2001/XMLSchema-instance" xsi:noNamespaceSchemaLocation="https://maven.apache.org/surefire/maven-surefire-plugin/xsd/surefire-test-report.xsd" name="com.yi.petCare.PetFunctionalTest" time="3.192" tests="9" errors="0" skipped="0" failures="0">
  <properties>
[...]
</properties>
  <testcase name="testFindOwnerByPet" classname="com.yi.petCare.PetFunctionalTest" time="0.12"/>
  <testcase name="testFindEmployeesByServiceAndTime" classname="com.yi.petCare.PetFunctionalTest" time="0.093"/>
  <testcase name="testAddPetsToCustomer" classname="com.yi.petCare.PetFunctionalTest" time="0.032"/>
  <testcase name="testCreateCustomer" classname="com.yi.petCare.PetFunctionalTest" time="0.008"/>
  <testcase name="testSchedulePetsForServiceWithEmployee" classname="com.yi.petCare.PetFunctionalTest" time="0.029"/>
  <testcase name="testFindPetsByOwner" classname="com.yi.petCare.PetFunctionalTest" time="0.01"/>
  <testcase name="testCreateEmployee" classname="com.yi.petCare.PetFunctionalTest" time="0.007"/>
  <testcase name="testChangeEmployeeAvailability" classname="com.yi.petCare.PetFunctionalTest" time="0.006"/>
  <testcase name="testFindScheduleByEntities" classname="com.yi.petCare.PetFunctionalTest" time="0.047"/>
</testsuite>